<?xml version="1.0" encoding="UTF-8" ?>
<testsuite tests="4" failures="0" name="test.sonarqube.duplication.complete.DuplicationClass1Test" time="0" errors="0" skipped="0">
  <properties>
    <property name="java.runtime.name" value="Java(TM) SE Runtime Environment"/>
    <property name="sun.boot.library.path" value="C:\installed\java\jdk1.8.0\jre\bin"/>
    <property name="java.vm.version" value="25.0-b70"/>
    <property name="user.country.format" value="HU"/>
    <property name="java.vm.vendor" value="Oracle Corporation"/>
    <property name="java.vendor.url" value="http://java.oracle.com/"/>
    <property name="path.separator" value=";"/>
    <property name="guice.disable.misplaced.annotation.check" value="true"/>
    <property name="java.vm.name" value="Java HotSpot(TM) 64-Bit Server VM"/>
    <property name="file.encoding.pkg" value="sun.io"/>
    <property name="user.script" value=""/>
    <property name="user.country" value="US"/>
    <property name="sun.java.launcher" value="SUN_STANDARD"/>
    <property name="sun.os.patch.level" value="Service Pack 1"/>
    <property name="java.vm.specification.name" value="Java Virtual Machine Specification"/>
    <property name="user.dir" value="C:\dev\workspaces\tmp\sonarqube"/>
    <property name="java.runtime.version" value="1.8.0-b132"/>
    <property name="java.awt.graphicsenv" value="sun.awt.Win32GraphicsEnvironment"/>
    <property name="java.endorsed.dirs" value="C:\installed\java\jdk1.8.0\jre\lib\endorsed"/>
    <property name="os.arch" value="amd64"/>
    <property name="java.io.tmpdir" value="C:\Users\xenon\AppData\Local\Temp\"/>
    <property name="line.separator" value="
"/>
    <property name="java.vm.specification.vendor" value="Oracle Corporation"/>
    <property name="user.variant" value=""/>
    <property name="os.name" value="Windows 7"/>
    <property name="classworlds.conf" value="C:\dev\workspaces\tmp\.metadata\.plugins\org.eclipse.m2e.launching\launches\m2conf2013125832004400197.tmp"/>
    <property name="sun.jnu.encoding" value="Cp1250"/>
    <property name="java.library.path" value="C:\installed\java\jdk1.8.0\bin;C:\Windows\Sun\Java\bin;C:\Windows\system32;C:\Windows;c:/installed/java/jdk1.7.013/bin/../jre/bin/server;c:/installed/java/jdk1.7.013/bin/../jre/bin;c:/installed/java/jdk1.7.013/bin/../jre/lib/amd64;C:\Program Files (x86)\NVIDIA Corporation\PhysX\Common;%CommonProgramFiles%\Microsoft Shared\Windows Live;c:\deployed\development\ant\apache-ant-1.8.4\bin;c:\installed\java\jdk1.7.013\bin;c:\deployed\development\maven\apache-maven-3.0.4\bin;C:\Windows\system32;C:\Windows;C:\Windows\System32\Wbem;C:\Windows\System32\WindowsPowerShell\v1.0\;C:\installed\Git\cmd;D:\installed\Ruby200-x64\bin;C:\Program Files\Common Files\Microsoft Shared\Windows Live;C:\deployed\eclipse_luna;;."/>
    <property name="java.specification.name" value="Java Platform API Specification"/>
    <property name="java.class.version" value="52.0"/>
    <property name="sun.management.compiler" value="HotSpot 64-Bit Tiered Compilers"/>
    <property name="maven.test.failure.ignore" value="true"/>
    <property name="os.version" value="6.1"/>
    <property name="user.home" value="C:\Users\xenon"/>
    <property name="user.timezone" value="Europe/Prague"/>
    <property name="java.awt.printerjob" value="sun.awt.windows.WPrinterJob"/>
    <property name="java.specification.version" value="1.8"/>
    <property name="file.encoding" value="Cp1250"/>
    <property name="user.name" value="xenon"/>
    <property name="java.class.path" value="/C:/deployed/eclipse_luna/plugins/org.eclipse.m2e.maven.runtime_1.5.1.20150109-1819/jars/plexus-classworlds-2.5.1.jar"/>
    <property name="org.slf4j.simpleLogger.defaultLogLevel" value="info"/>
    <property name="java.vm.specification.version" value="1.8"/>
    <property name="sun.arch.data.model" value="64"/>
    <property name="java.home" value="C:\installed\java\jdk1.8.0\jre"/>
    <property name="sun.java.command" value="org.codehaus.plexus.classworlds.launcher.Launcher -B clean org.jacoco:jacoco-maven-plugin:prepare-agent test -Dmaven.test.failure.ignore=true"/>
    <property name="java.specification.vendor" value="Oracle Corporation"/>
    <property name="user.language" value="en"/>
    <property name="user.language.format" value="hu"/>
    <property name="awt.toolkit" value="sun.awt.windows.WToolkit"/>
    <property name="java.vm.info" value="mixed mode"/>
    <property name="java.version" value="1.8.0"/>
    <property name="java.ext.dirs" value="C:\installed\java\jdk1.8.0\jre\lib\ext;C:\Windows\Sun\Java\lib\ext"/>
    <property name="sun.boot.class.path" value="C:\installed\java\jdk1.8.0\jre\lib\resources.jar;C:\installed\java\jdk1.8.0\jre\lib\rt.jar;C:\installed\java\jdk1.8.0\jre\lib\sunrsasign.jar;C:\installed\java\jdk1.8.0\jre\lib\jsse.jar;C:\installed\java\jdk1.8.0\jre\lib\jce.jar;C:\installed\java\jdk1.8.0\jre\lib\charsets.jar;C:\installed\java\jdk1.8.0\jre\lib\jfr.jar;C:\installed\java\jdk1.8.0\jre\classes"/>
    <property name="java.vendor" value="Oracle Corporation"/>
    <property name="maven.home" value="C:\dev\workspaces\tmp\sonarqube\EMBEDDED"/>
    <property name="file.separator" value="\"/>
    <property name="java.vendor.url.bug" value="http://bugreport.sun.com/bugreport/"/>
    <property name="sun.cpu.endian" value="little"/>
    <property name="sun.io.unicode.encoding" value="UnicodeLittle"/>
    <property name="sun.desktop" value="windows"/>
    <property name="sun.cpu.isalist" value="amd64"/>
  </properties>
  <testcase classname="test.sonarqube.duplication.complete.DuplicationClass1Test" name="shouldMethod2ReturnNull" time="0"/>
  <testcase classname="test.sonarqube.duplication.complete.DuplicationClass1Test" name="shouldMethod1ReturnIndexOfCandidate" time="0"/>
  <testcase classname="test.sonarqube.duplication.complete.DuplicationClass1Test" name="shouldMethod2ReturnIndexOfCandidate" time="0"/>
  <testcase classname="test.sonarqube.duplication.complete.DuplicationClass1Test" name="shouldMethod1ReturnNull" time="0"/>
</testsuite>